[debug] [2025-03-26T03:29:13.737Z] ----------------------------------------------------------------------
[debug] [2025-03-26T03:29:13.740Z] Command:       C:\Tools,Softwares\nodeJS\node.exe C:\Users\mostw\AppData\Roaming\npm\node_modules\firebase-tools\lib\bin\firebase.js init
[debug] [2025-03-26T03:29:13.740Z] CLI Version:   13.35.1
[debug] [2025-03-26T03:29:13.741Z] Platform:      win32
[debug] [2025-03-26T03:29:13.741Z] Node Version:  v20.11.1
[debug] [2025-03-26T03:29:13.741Z] Time:          Wed Mar 26 2025 08:59:13 GMT+0530 (India Standard Time)
[debug] [2025-03-26T03:29:13.741Z] ----------------------------------------------------------------------
[debug] 
[debug] [2025-03-26T03:29:13.748Z] > command requires scopes: ["email","openid","https://www.googleapis.com/auth/cloudplatformprojects.readonly","https://www.googleapis.com/auth/firebase","https://www.googleapis.com/auth/cloud-platform"]
[debug] [2025-03-26T03:29:13.748Z] > authorizing via signed-in user (divyanshusrivastava777@gmail.com)
[info] 
     ######## #### ########  ######## ########     ###     ######  ########
     ##        ##  ##     ## ##       ##     ##  ##   ##  ##       ##
     ######    ##  ########  ######   ########  #########  ######  ######
     ##        ##  ##    ##  ##       ##     ## ##     ##       ## ##
     ##       #### ##     ## ######## ########  ##     ##  ######  ########

You're about to initialize a Firebase project in this directory:

  C:\Users\mostw\OneDrive\Documents\Websites\EasyMadeResume

[info] 
=== Project Setup
[info] 
[info] First, let's associate this project directory with a Firebase project.
[info] You can create multiple project aliases by running firebase use --add, 
[info] but for now we'll just set up a default project.
[info] 
[debug] [2025-03-26T03:31:41.238Z] Checked if tokens are valid: true, expires at: 1742962940218
[debug] [2025-03-26T03:31:41.239Z] Checked if tokens are valid: true, expires at: 1742962940218
[debug] [2025-03-26T03:31:41.240Z] >>> [apiv2][query] GET https://firebase.googleapis.com/v1beta1/projects pageSize=100
[debug] [2025-03-26T03:31:41.928Z] <<< [apiv2][status] GET https://firebase.googleapis.com/v1beta1/projects 200
[debug] [2025-03-26T03:31:41.929Z] <<< [apiv2][body] GET https://firebase.googleapis.com/v1beta1/projects [omitted]
[info] i  Using project easymaderesume (EasyMadeResume) 
[info] 
=== Hosting Setup
[debug] [2025-03-26T03:31:43.671Z] Checked if tokens are valid: true, expires at: 1742962940218
[debug] [2025-03-26T03:31:43.671Z] Checked if tokens are valid: true, expires at: 1742962940218
[debug] [2025-03-26T03:31:43.672Z] >>> [apiv2][query] GET https://firebase.googleapis.com/v1beta1/projects/easymaderesume [none]
[debug] [2025-03-26T03:31:44.023Z] <<< [apiv2][status] GET https://firebase.googleapis.com/v1beta1/projects/easymaderesume 200
[debug] [2025-03-26T03:31:44.023Z] <<< [apiv2][body] GET https://firebase.googleapis.com/v1beta1/projects/easymaderesume {"projectId":"easymaderesume","projectNumber":"758597546579","displayName":"EasyMadeResume","name":"projects/easymaderesume","resources":{"hostingSite":"easymaderesume"},"state":"ACTIVE","etag":"1_b5efb715-bc66-4837-9d9c-b7f2bca35341"}
[info] 
[info] Your public directory is the folder (relative to your project directory) that
[info] will contain Hosting assets to be uploaded with firebase deploy. If you
[info] have a build process for your assets, use your build's output directory.
[info] 
